Started GET "/" for ::1 at 2017-04-05 01:10:21 +0200
Processing by Rails::WelcomeController#index as HTML
  Parameters: {"internal"=>true}
  Rendering /Users/kubaostrowski/.rvm/gems/ruby-2.4.1/gems/railties-5.0.2/lib/rails/templates/rails/welcome/index.html.erb
  Rendered /Users/kubaostrowski/.rvm/gems/ruby-2.4.1/gems/railties-5.0.2/lib/rails/templates/rails/welcome/index.html.erb (7.9ms)
Completed 200 OK in 65ms (Views: 32.9ms | ActiveRecord: 0.0ms)


  [1m[35m (3.2ms)[0m  [1m[35mCREATE TABLE "schema_migrations" ("version" varchar NOT NULL PRIMARY KEY)[0m
  [1m[35m (7.1ms)[0m  [1m[35mCREATE TABLE "ar_internal_metadata" ("key" varchar NOT NULL PRIMARY KEY, "value" varchar, "created_at" datetime NOT NULL, "updated_at" datetime NOT NULL)[0m
  [1m[36mActiveRecord::SchemaMigration Load (0.2ms)[0m  [1m[34mSELECT "schema_migrations".* FROM "schema_migrations"[0m
Migrating to CreateTodoLists (20170404231419)
  [1m[35m (0.1ms)[0m  [1m[36mbegin transaction[0m
  [1m[35m (0.5ms)[0m  [1m[35mCREATE TABLE "todo_lists" ("id" INTEGER PRIMARY KEY AUTOINCREMENT NOT NULL, "title" varchar, "description" text, "created_at" datetime NOT NULL, "updated_at" datetime NOT NULL)[0m
  [1m[35mSQL (0.3ms)[0m  [1m[32mINSERT INTO "schema_migrations" ("version") VALUES (?)[0m  [["version", "20170404231419"]]
  [1m[35m (6.2ms)[0m  [1m[36mcommit transaction[0m
  [1m[36mActiveRecord::InternalMetadata Load (0.1ms)[0m  [1m[34mSELECT  "ar_internal_metadata".* FROM "ar_internal_metadata" WHERE "ar_internal_metadata"."key" = ? LIMIT ?[0m  [["key", :environment], ["LIMIT", 1]]
  [1m[35m (0.1ms)[0m  [1m[36mbegin transaction[0m
  [1m[35mSQL (0.3ms)[0m  [1m[32mINSERT INTO "ar_internal_metadata" ("key", "value", "created_at", "updated_at") VALUES (?, ?, ?, ?)[0m  [["key", "environment"], ["value", "development"], ["created_at", 2017-04-04 23:14:35 UTC], ["updated_at", 2017-04-04 23:14:35 UTC]]
  [1m[35m (4.9ms)[0m  [1m[36mcommit transaction[0m
  [1m[36mActiveRecord::SchemaMigration Load (0.1ms)[0m  [1m[34mSELECT "schema_migrations".* FROM "schema_migrations"[0m
Started GET "/" for ::1 at 2017-04-05 01:14:39 +0200
Started GET "/lists" for ::1 at 2017-04-05 01:14:49 +0200
  [1m[36mActiveRecord::SchemaMigration Load (0.2ms)[0m  [1m[34mSELECT "schema_migrations".* FROM "schema_migrations"[0m
Processing by Rails::WelcomeController#index as HTML
  Parameters: {"internal"=>true}
  Rendering /Users/kubaostrowski/.rvm/gems/ruby-2.4.1/gems/railties-5.0.2/lib/rails/templates/rails/welcome/index.html.erb
  Rendered /Users/kubaostrowski/.rvm/gems/ruby-2.4.1/gems/railties-5.0.2/lib/rails/templates/rails/welcome/index.html.erb (3.0ms)
Completed 200 OK in 8ms (Views: 5.0ms | ActiveRecord: 0.0ms)


  
ActionController::RoutingError (No route matches [GET] "/lists"):
  
actionpack (5.0.2) lib/action_dispatch/middleware/debug_exceptions.rb:53:in `call'
web-console (3.5.0) lib/web_console/middleware.rb:135:in `call_app'
web-console (3.5.0) lib/web_console/middleware.rb:28:in `block in call'
web-console (3.5.0) lib/web_console/middleware.rb:18:in `catch'
web-console (3.5.0) lib/web_console/middleware.rb:18:in `call'
actionpack (5.0.2) lib/action_dispatch/middleware/show_exceptions.rb:31:in `call'
railties (5.0.2) lib/rails/rack/logger.rb:36:in `call_app'
railties (5.0.2) lib/rails/rack/logger.rb:24:in `block in call'
activesupport (5.0.2) lib/active_support/tagged_logging.rb:69:in `block in tagged'
activesupport (5.0.2) lib/active_support/tagged_logging.rb:26:in `tagged'
activesupport (5.0.2) lib/active_support/tagged_logging.rb:69:in `tagged'
railties (5.0.2) lib/rails/rack/logger.rb:24:in `call'
sprockets-rails (3.2.0) lib/sprockets/rails/quiet_assets.rb:13:in `call'
actionpack (5.0.2) lib/action_dispatch/middleware/request_id.rb:24:in `call'
rack (2.0.1) lib/rack/method_override.rb:22:in `call'
rack (2.0.1) lib/rack/runtime.rb:22:in `call'
activesupport (5.0.2) lib/active_support/cache/strategy/local_cache_middleware.rb:28:in `call'
actionpack (5.0.2) lib/action_dispatch/middleware/executor.rb:12:in `call'
actionpack (5.0.2) lib/action_dispatch/middleware/static.rb:136:in `call'
rack (2.0.1) lib/rack/sendfile.rb:111:in `call'
railties (5.0.2) lib/rails/engine.rb:522:in `call'
puma (3.8.2) lib/puma/configuration.rb:224:in `call'
puma (3.8.2) lib/puma/server.rb:600:in `handle_request'
puma (3.8.2) lib/puma/server.rb:435:in `process_client'
puma (3.8.2) lib/puma/server.rb:299:in `block in run'
puma (3.8.2) lib/puma/thread_pool.rb:120:in `block in spawn_thread'
  Rendering /Users/kubaostrowski/.rvm/gems/ruby-2.4.1/gems/actionpack-5.0.2/lib/action_dispatch/middleware/templates/rescues/routing_error.html.erb within rescues/layout
  Rendering /Users/kubaostrowski/.rvm/gems/ruby-2.4.1/gems/actionpack-5.0.2/lib/action_dispatch/middleware/templates/rescues/_trace.html.erb
  Rendered /Users/kubaostrowski/.rvm/gems/ruby-2.4.1/gems/actionpack-5.0.2/lib/action_dispatch/middleware/templates/rescues/_trace.html.erb (1.5ms)
  Rendered collection of /Users/kubaostrowski/.rvm/gems/ruby-2.4.1/gems/actionpack-5.0.2/lib/action_dispatch/middleware/templates/routes/_route.html.erb [8 times] (11.7ms)
  Rendered /Users/kubaostrowski/.rvm/gems/ruby-2.4.1/gems/actionpack-5.0.2/lib/action_dispatch/middleware/templates/routes/_table.html.erb (27.0ms)
  Rendering /Users/kubaostrowski/.rvm/gems/ruby-2.4.1/gems/actionpack-5.0.2/lib/action_dispatch/middleware/templates/rescues/_request_and_response.html.erb
  Rendered /Users/kubaostrowski/.rvm/gems/ruby-2.4.1/gems/actionpack-5.0.2/lib/action_dispatch/middleware/templates/rescues/_request_and_response.html.erb (2.0ms)
  Rendered /Users/kubaostrowski/.rvm/gems/ruby-2.4.1/gems/actionpack-5.0.2/lib/action_dispatch/middleware/templates/rescues/routing_error.html.erb within rescues/layout (178.4ms)
Started GET "/todo_lists" for ::1 at 2017-04-05 01:15:16 +0200
Processing by TodoListsController#index as HTML
  Rendering todo_lists/index.html.erb within layouts/application
  [1m[36mTodoList Load (0.5ms)[0m  [1m[34mSELECT "todo_lists".* FROM "todo_lists"[0m
  Rendered todo_lists/index.html.erb within layouts/application (4.5ms)
Completed 200 OK in 925ms (Views: 920.5ms | ActiveRecord: 1.0ms)


Started GET "/todo_lists/new" for ::1 at 2017-04-05 01:15:20 +0200
Processing by TodoListsController#new as HTML
  Rendering todo_lists/new.html.erb within layouts/application
  Rendered todo_lists/_form.html.erb (63.8ms)
  Rendered todo_lists/new.html.erb within layouts/application (67.7ms)
Completed 200 OK in 97ms (Views: 88.1ms | ActiveRecord: 0.6ms)


Started POST "/todo_lists" for ::1 at 2017-04-05 01:15:32 +0200
Processing by TodoListsController#create as HTML
  Parameters: {"utf8"=>"✓", "authenticity_token"=>"lffiegRfwg4WPFRXZuKHvZqe+mdwoXJidAr3BMytfLj0WwKftqFhe9/UHVNHl8c/PVEIYpoFZfP3ZnHA0Z3NnQ==", "todo_list"=>{"title"=>"hey", "description"=>"wiadomosc witająca"}, "commit"=>"Create Todo list"}
  [1m[35m (0.3ms)[0m  [1m[36mbegin transaction[0m
  [1m[35mSQL (0.4ms)[0m  [1m[32mINSERT INTO "todo_lists" ("title", "description", "created_at", "updated_at") VALUES (?, ?, ?, ?)[0m  [["title", "hey"], ["description", "wiadomosc witająca"], ["created_at", 2017-04-04 23:15:32 UTC], ["updated_at", 2017-04-04 23:15:32 UTC]]
  [1m[35m (5.4ms)[0m  [1m[36mcommit transaction[0m
Redirected to http://localhost:3000/todo_lists/1
Completed 302 Found in 11ms (ActiveRecord: 6.0ms)


Started GET "/todo_lists/1" for ::1 at 2017-04-05 01:15:32 +0200
Processing by TodoListsController#show as HTML
  Parameters: {"id"=>"1"}
  [1m[36mTodoList Load (0.6ms)[0m  [1m[34mSELECT  "todo_lists".* FROM "todo_lists" WHERE "todo_lists"."id" = ? LIMIT ?[0m  [["id", 1], ["LIMIT", 1]]
  Rendering todo_lists/show.html.erb within layouts/application
  Rendered todo_lists/show.html.erb within layouts/application (1.0ms)
Completed 200 OK in 64ms (Views: 47.2ms | ActiveRecord: 0.6ms)


Started GET "/todo_lists" for ::1 at 2017-04-05 01:16:12 +0200
Processing by TodoListsController#index as HTML
  Rendering todo_lists/index.html.erb within layouts/application
  [1m[36mTodoList Load (0.6ms)[0m  [1m[34mSELECT "todo_lists".* FROM "todo_lists"[0m
  Rendered todo_lists/index.html.erb within layouts/application (3.7ms)
Completed 200 OK in 63ms (Views: 59.5ms | ActiveRecord: 0.6ms)


Started GET "/" for ::1 at 2017-04-05 01:19:24 +0200
Processing by TodoListsController#index as HTML
  Rendering todo_lists/index.html.erb within layouts/application
  [1m[36mTodoList Load (0.3ms)[0m  [1m[34mSELECT "todo_lists".* FROM "todo_lists"[0m
  Rendered todo_lists/index.html.erb within layouts/application (7.5ms)
Completed 200 OK in 83ms (Views: 75.4ms | ActiveRecord: 1.0ms)


  [1m[36mActiveRecord::SchemaMigration Load (0.2ms)[0m  [1m[34mSELECT "schema_migrations".* FROM "schema_migrations"[0m
Migrating to CreateTodoItems (20170404232029)
  [1m[35m (0.1ms)[0m  [1m[36mbegin transaction[0m
  [1m[35m (0.6ms)[0m  [1m[35mCREATE TABLE "todo_items" ("id" INTEGER PRIMARY KEY AUTOINCREMENT NOT NULL, "content" varchar, "todo_list_id" integer, "created_at" datetime NOT NULL, "updated_at" datetime NOT NULL)[0m
  [1m[35m (0.9ms)[0m  [1m[34mselect sqlite_version(*)[0m
  [1m[35m (0.2ms)[0m  [1m[35mCREATE  INDEX "index_todo_items_on_todo_list_id" ON "todo_items" ("todo_list_id")[0m
  [1m[35mSQL (0.3ms)[0m  [1m[32mINSERT INTO "schema_migrations" ("version") VALUES (?)[0m  [["version", "20170404232029"]]
  [1m[35m (4.9ms)[0m  [1m[36mcommit transaction[0m
  [1m[36mActiveRecord::InternalMetadata Load (0.3ms)[0m  [1m[34mSELECT  "ar_internal_metadata".* FROM "ar_internal_metadata" WHERE "ar_internal_metadata"."key" = ? LIMIT ?[0m  [["key", :environment], ["LIMIT", 1]]
  [1m[35m (0.1ms)[0m  [1m[36mbegin transaction[0m
  [1m[35m (0.1ms)[0m  [1m[36mcommit transaction[0m
  [1m[36mActiveRecord::SchemaMigration Load (0.1ms)[0m  [1m[34mSELECT "schema_migrations".* FROM "schema_migrations"[0m
  [1m[35m (0.2ms)[0m  [1m[34m            SELECT sql
            FROM sqlite_master
            WHERE name='index_todo_items_on_todo_list_id' AND type='index'
            UNION ALL
            SELECT sql
            FROM sqlite_temp_master
            WHERE name='index_todo_items_on_todo_list_id' AND type='index'
[0m
Started GET "/" for ::1 at 2017-06-16 23:31:41 +0200
  [1m[36mActiveRecord::SchemaMigration Load (0.5ms)[0m  [1m[34mSELECT "schema_migrations".* FROM "schema_migrations"[0m
Processing by TodoListsController#index as HTML
  Rendering todo_lists/index.html.erb within layouts/application
  [1m[36mTodoList Load (0.6ms)[0m  [1m[34mSELECT "todo_lists".* FROM "todo_lists"[0m
  Rendered todo_lists/index.html.erb within layouts/application (14.7ms)
Completed 200 OK in 426ms (Views: 402.7ms | ActiveRecord: 1.1ms)


  [1m[36mActiveRecord::SchemaMigration Load (0.2ms)[0m  [1m[34mSELECT "schema_migrations".* FROM "schema_migrations"[0m
  [1m[36mActiveRecord::InternalMetadata Load (0.9ms)[0m  [1m[34mSELECT  "ar_internal_metadata".* FROM "ar_internal_metadata" WHERE "ar_internal_metadata"."key" = ? LIMIT ?[0m  [["key", :environment], ["LIMIT", 1]]
  [1m[35m (0.1ms)[0m  [1m[36mbegin transaction[0m
  [1m[35m (0.1ms)[0m  [1m[36mcommit transaction[0m
  [1m[36mActiveRecord::SchemaMigration Load (0.0ms)[0m  [1m[34mSELECT "schema_migrations".* FROM "schema_migrations"[0m
  [1m[35m (0.2ms)[0m  [1m[34m            SELECT sql
            FROM sqlite_master
            WHERE name='index_todo_items_on_todo_list_id' AND type='index'
            UNION ALL
            SELECT sql
            FROM sqlite_temp_master
            WHERE name='index_todo_items_on_todo_list_id' AND type='index'
[0m
Started GET "/" for ::1 at 2017-06-16 23:46:17 +0200
  [1m[36mActiveRecord::SchemaMigration Load (7.8ms)[0m  [1m[34mSELECT "schema_migrations".* FROM "schema_migrations"[0m
Processing by TodoListsController#index as HTML
  Rendering todo_lists/index.html.erb within layouts/application
  [1m[36mTodoList Load (0.6ms)[0m  [1m[34mSELECT "todo_lists".* FROM "todo_lists"[0m
  Rendered todo_lists/index.html.erb within layouts/application (15.9ms)
Completed 200 OK in 266ms (Views: 239.4ms | ActiveRecord: 1.5ms)


Started GET "/" for ::1 at 2017-06-16 23:46:19 +0200
Processing by TodoListsController#index as HTML
  Rendering todo_lists/index.html.erb within layouts/application
  [1m[36mTodoList Load (0.5ms)[0m  [1m[34mSELECT "todo_lists".* FROM "todo_lists"[0m
  Rendered todo_lists/index.html.erb within layouts/application (3.2ms)
Completed 200 OK in 48ms (Views: 45.6ms | ActiveRecord: 0.5ms)


Started GET "/todo_lists/new" for ::1 at 2017-06-16 23:46:21 +0200
Processing by TodoListsController#new as HTML
  Rendering todo_lists/new.html.erb within layouts/application
  Rendered todo_lists/_form.html.erb (25.4ms)
  Rendered todo_lists/new.html.erb within layouts/application (29.5ms)
Completed 200 OK in 68ms (Views: 58.3ms | ActiveRecord: 0.0ms)


Started GET "/todo_lists" for ::1 at 2017-06-16 23:46:23 +0200
Processing by TodoListsController#index as HTML
  Rendering todo_lists/index.html.erb within layouts/application
  [1m[36mTodoList Load (0.3ms)[0m  [1m[34mSELECT "todo_lists".* FROM "todo_lists"[0m
  Rendered todo_lists/index.html.erb within layouts/application (4.0ms)
Completed 200 OK in 48ms (Views: 45.7ms | ActiveRecord: 0.3ms)


Started GET "/todo_lists" for ::1 at 2017-06-16 23:46:24 +0200
Processing by TodoListsController#index as HTML
  Rendering todo_lists/index.html.erb within layouts/application
  [1m[36mTodoList Load (0.2ms)[0m  [1m[34mSELECT "todo_lists".* FROM "todo_lists"[0m
  Rendered todo_lists/index.html.erb within layouts/application (3.1ms)
Completed 200 OK in 42ms (Views: 40.0ms | ActiveRecord: 0.2ms)


Started GET "/todo_lists" for ::1 at 2017-06-16 23:46:25 +0200
Processing by TodoListsController#index as HTML
  Rendering todo_lists/index.html.erb within layouts/application
  [1m[36mTodoList Load (0.3ms)[0m  [1m[34mSELECT "todo_lists".* FROM "todo_lists"[0m
  Rendered todo_lists/index.html.erb within layouts/application (3.4ms)
Completed 200 OK in 51ms (Views: 48.1ms | ActiveRecord: 0.3ms)


Started GET "/todo_lists/1" for ::1 at 2017-06-16 23:46:26 +0200
Processing by TodoListsController#show as HTML
  Parameters: {"id"=>"1"}
  [1m[36mTodoList Load (0.3ms)[0m  [1m[34mSELECT  "todo_lists".* FROM "todo_lists" WHERE "todo_lists"."id" = ? LIMIT ?[0m  [["id", 1], ["LIMIT", 1]]
  Rendering todo_lists/show.html.erb within layouts/application
  Rendered todo_lists/show.html.erb within layouts/application (28.5ms)
Completed 500 Internal Server Error in 52ms (ActiveRecord: 0.3ms)


  
ActionView::Template::Error (uninitialized constant ApplicationRecord::Base):
    11: </p>
    12: 
    13: <div id="todo_items_wrapper">
    14:   <%= render @todo_list.todo_items %>
    15:   <div id="form">
    16:     <%= render "todo_items/form" %>
    17:   </div>
  
app/models/todo_item.rb:1:in `<top (required)>'
app/views/todo_lists/show.html.erb:14:in `_app_views_todo_lists_show_html_erb___3964807301352307993_70182968952420'
  Rendering /Users/kubaostrowski/.rvm/gems/ruby-2.4.1/gems/actionpack-5.0.2/lib/action_dispatch/middleware/templates/rescues/template_error.html.erb within rescues/layout
  Rendering /Users/kubaostrowski/.rvm/gems/ruby-2.4.1/gems/actionpack-5.0.2/lib/action_dispatch/middleware/templates/rescues/_source.html.erb
  Rendered /Users/kubaostrowski/.rvm/gems/ruby-2.4.1/gems/actionpack-5.0.2/lib/action_dispatch/middleware/templates/rescues/_source.html.erb (5.7ms)
  Rendering /Users/kubaostrowski/.rvm/gems/ruby-2.4.1/gems/actionpack-5.0.2/lib/action_dispatch/middleware/templates/rescues/_trace.html.erb
  Rendered /Users/kubaostrowski/.rvm/gems/ruby-2.4.1/gems/actionpack-5.0.2/lib/action_dispatch/middleware/templates/rescues/_trace.html.erb (4.1ms)
  Rendering /Users/kubaostrowski/.rvm/gems/ruby-2.4.1/gems/actionpack-5.0.2/lib/action_dispatch/middleware/templates/rescues/_request_and_response.html.erb
  Rendered /Users/kubaostrowski/.rvm/gems/ruby-2.4.1/gems/actionpack-5.0.2/lib/action_dispatch/middleware/templates/rescues/_request_and_response.html.erb (1.5ms)
  Rendered /Users/kubaostrowski/.rvm/gems/ruby-2.4.1/gems/actionpack-5.0.2/lib/action_dispatch/middleware/templates/rescues/template_error.html.erb within rescues/layout (81.7ms)
Started GET "/todo_lists/1" for ::1 at 2017-06-16 23:50:03 +0200
Processing by TodoListsController#show as HTML
  Parameters: {"id"=>"1"}
  [1m[36mTodoList Load (0.3ms)[0m  [1m[34mSELECT  "todo_lists".* FROM "todo_lists" WHERE "todo_lists"."id" = ? LIMIT ?[0m  [["id", 1], ["LIMIT", 1]]
  Rendering todo_lists/show.html.erb within layouts/application
  Rendered todo_lists/show.html.erb within layouts/application (7.2ms)
Completed 500 Internal Server Error in 16ms (ActiveRecord: 0.3ms)


  
ActionView::Template::Error (uninitialized constant ApplicationRecord::Base):
    11: </p>
    12: 
    13: <div id="todo_items_wrapper">
    14:   <%= render @todo_list.todo_items %>
    15:   <div id="form">
    16:     <%= render "todo_items/form" %>
    17:   </div>
  
app/models/todo_item.rb:1:in `<top (required)>'
app/views/todo_lists/show.html.erb:14:in `_app_views_todo_lists_show_html_erb___3964807301352307993_70182940502000'
  Rendering /Users/kubaostrowski/.rvm/gems/ruby-2.4.1/gems/actionpack-5.0.2/lib/action_dispatch/middleware/templates/rescues/template_error.html.erb within rescues/layout
  Rendering /Users/kubaostrowski/.rvm/gems/ruby-2.4.1/gems/actionpack-5.0.2/lib/action_dispatch/middleware/templates/rescues/_source.html.erb
  Rendered /Users/kubaostrowski/.rvm/gems/ruby-2.4.1/gems/actionpack-5.0.2/lib/action_dispatch/middleware/templates/rescues/_source.html.erb (6.8ms)
  Rendering /Users/kubaostrowski/.rvm/gems/ruby-2.4.1/gems/actionpack-5.0.2/lib/action_dispatch/middleware/templates/rescues/_trace.html.erb
  Rendered /Users/kubaostrowski/.rvm/gems/ruby-2.4.1/gems/actionpack-5.0.2/lib/action_dispatch/middleware/templates/rescues/_trace.html.erb (3.1ms)
  Rendering /Users/kubaostrowski/.rvm/gems/ruby-2.4.1/gems/actionpack-5.0.2/lib/action_dispatch/middleware/templates/rescues/_request_and_response.html.erb
  Rendered /Users/kubaostrowski/.rvm/gems/ruby-2.4.1/gems/actionpack-5.0.2/lib/action_dispatch/middleware/templates/rescues/_request_and_response.html.erb (1.4ms)
  Rendered /Users/kubaostrowski/.rvm/gems/ruby-2.4.1/gems/actionpack-5.0.2/lib/action_dispatch/middleware/templates/rescues/template_error.html.erb within rescues/layout (69.6ms)
  [1m[36mActiveRecord::SchemaMigration Load (0.3ms)[0m  [1m[34mSELECT "schema_migrations".* FROM "schema_migrations"[0m
  [1m[35m (1.0ms)[0m  [1m[34mSELECT "ar_internal_metadata"."value" FROM "ar_internal_metadata" WHERE "ar_internal_metadata"."key" = ?[0m  [["key", :environment]]
  [1m[36mActiveRecord::SchemaMigration Load (0.1ms)[0m  [1m[34mSELECT "schema_migrations".* FROM "schema_migrations"[0m
  [1m[35m (0.1ms)[0m  [1m[34mSELECT "ar_internal_metadata"."value" FROM "ar_internal_metadata" WHERE "ar_internal_metadata"."key" = ?[0m  [["key", :environment]]
  [1m[36mActiveRecord::SchemaMigration Load (0.1ms)[0m  [1m[34mSELECT "schema_migrations".* FROM "schema_migrations"[0m
  [1m[35m (0.1ms)[0m  [1m[34mSELECT "ar_internal_metadata"."value" FROM "ar_internal_metadata" WHERE "ar_internal_metadata"."key" = ?[0m  [["key", :environment]]
DEPRECATION WARNING: Passing #original_exception is deprecated and has no effect. Exceptions will automatically capture the original exception. (called from block in execute at /Users/kubaostrowski/.rvm/gems/ruby-2.4.1@global/gems/rake-12.0.0/lib/rake/task.rb:250)
  [1m[35m (1.8ms)[0m  [1m[35mCREATE TABLE "schema_migrations" ("version" varchar NOT NULL PRIMARY KEY)[0m
  [1m[35m (1.1ms)[0m  [1m[35mCREATE TABLE "ar_internal_metadata" ("key" varchar NOT NULL PRIMARY KEY, "value" varchar, "created_at" datetime NOT NULL, "updated_at" datetime NOT NULL)[0m
  [1m[36mActiveRecord::SchemaMigration Load (0.2ms)[0m  [1m[34mSELECT "schema_migrations".* FROM "schema_migrations"[0m
Migrating to CreateTodoLists (20170404231419)
  [1m[35m (0.1ms)[0m  [1m[36mbegin transaction[0m
  [1m[35m (0.6ms)[0m  [1m[35mCREATE TABLE "todo_lists" ("id" INTEGER PRIMARY KEY AUTOINCREMENT NOT NULL, "title" varchar, "description" text, "created_at" datetime NOT NULL, "updated_at" datetime NOT NULL)[0m
  [1m[35mSQL (0.3ms)[0m  [1m[32mINSERT INTO "schema_migrations" ("version") VALUES (?)[0m  [["version", "20170404231419"]]
  [1m[35m (0.9ms)[0m  [1m[36mcommit transaction[0m
Migrating to CreateTodoItems (20170404232029)
  [1m[35m (0.1ms)[0m  [1m[36mbegin transaction[0m
  [1m[35m (0.4ms)[0m  [1m[35mCREATE TABLE "todo_items" ("id" INTEGER PRIMARY KEY AUTOINCREMENT NOT NULL, "content" varchar, "todo_list_id" integer, "created_at" datetime NOT NULL, "updated_at" datetime NOT NULL)[0m
  [1m[35m (0.1ms)[0m  [1m[34mselect sqlite_version(*)[0m
  [1m[35m (0.1ms)[0m  [1m[35mCREATE  INDEX "index_todo_items_on_todo_list_id" ON "todo_items" ("todo_list_id")[0m
  [1m[35mSQL (0.2ms)[0m  [1m[32mINSERT INTO "schema_migrations" ("version") VALUES (?)[0m  [["version", "20170404232029"]]
  [1m[35m (1.0ms)[0m  [1m[36mcommit transaction[0m
  [1m[36mActiveRecord::InternalMetadata Load (0.1ms)[0m  [1m[34mSELECT  "ar_internal_metadata".* FROM "ar_internal_metadata" WHERE "ar_internal_metadata"."key" = ? LIMIT ?[0m  [["key", :environment], ["LIMIT", 1]]
  [1m[35m (0.0ms)[0m  [1m[36mbegin transaction[0m
  [1m[35mSQL (0.4ms)[0m  [1m[32mINSERT INTO "ar_internal_metadata" ("key", "value", "created_at", "updated_at") VALUES (?, ?, ?, ?)[0m  [["key", "environment"], ["value", "development"], ["created_at", 2017-06-16 21:51:12 UTC], ["updated_at", 2017-06-16 21:51:12 UTC]]
  [1m[35m (0.7ms)[0m  [1m[36mcommit transaction[0m
  [1m[36mActiveRecord::SchemaMigration Load (0.1ms)[0m  [1m[34mSELECT "schema_migrations".* FROM "schema_migrations"[0m
  [1m[35m (0.1ms)[0m  [1m[34m            SELECT sql
            FROM sqlite_master
            WHERE name='index_todo_items_on_todo_list_id' AND type='index'
            UNION ALL
            SELECT sql
            FROM sqlite_temp_master
            WHERE name='index_todo_items_on_todo_list_id' AND type='index'
[0m
Started GET "/todo_lists/1" for ::1 at 2017-06-16 23:51:25 +0200
  [1m[36mActiveRecord::SchemaMigration Load (0.2ms)[0m  [1m[34mSELECT "schema_migrations".* FROM "schema_migrations"[0m
Processing by TodoListsController#show as HTML
  Parameters: {"id"=>"1"}
  [1m[36mTodoList Load (0.2ms)[0m  [1m[34mSELECT  "todo_lists".* FROM "todo_lists" WHERE "todo_lists"."id" = ? LIMIT ?[0m  [["id", 1], ["LIMIT", 1]]
Completed 404 Not Found in 26ms (ActiveRecord: 0.8ms)


  
ActiveRecord::RecordNotFound (Couldn't find TodoList with 'id'=1):
  
app/controllers/todo_lists_controller.rb:67:in `set_todo_list'
  Rendering /Users/kubaostrowski/.rvm/gems/ruby-2.4.1/gems/actionpack-5.0.2/lib/action_dispatch/middleware/templates/rescues/diagnostics.html.erb within rescues/layout
  Rendering /Users/kubaostrowski/.rvm/gems/ruby-2.4.1/gems/actionpack-5.0.2/lib/action_dispatch/middleware/templates/rescues/_source.html.erb
  Rendered /Users/kubaostrowski/.rvm/gems/ruby-2.4.1/gems/actionpack-5.0.2/lib/action_dispatch/middleware/templates/rescues/_source.html.erb (3.8ms)
  Rendering /Users/kubaostrowski/.rvm/gems/ruby-2.4.1/gems/actionpack-5.0.2/lib/action_dispatch/middleware/templates/rescues/_trace.html.erb
  Rendered /Users/kubaostrowski/.rvm/gems/ruby-2.4.1/gems/actionpack-5.0.2/lib/action_dispatch/middleware/templates/rescues/_trace.html.erb (2.1ms)
  Rendering /Users/kubaostrowski/.rvm/gems/ruby-2.4.1/gems/actionpack-5.0.2/lib/action_dispatch/middleware/templates/rescues/_request_and_response.html.erb
  Rendered /Users/kubaostrowski/.rvm/gems/ruby-2.4.1/gems/actionpack-5.0.2/lib/action_dispatch/middleware/templates/rescues/_request_and_response.html.erb (0.9ms)
  Rendered /Users/kubaostrowski/.rvm/gems/ruby-2.4.1/gems/actionpack-5.0.2/lib/action_dispatch/middleware/templates/rescues/diagnostics.html.erb within rescues/layout (79.2ms)
Started GET "/todo_lists/1" for ::1 at 2017-06-16 23:51:26 +0200
Processing by TodoListsController#show as HTML
  Parameters: {"id"=>"1"}
  [1m[36mTodoList Load (0.3ms)[0m  [1m[34mSELECT  "todo_lists".* FROM "todo_lists" WHERE "todo_lists"."id" = ? LIMIT ?[0m  [["id", 1], ["LIMIT", 1]]
Completed 404 Not Found in 2ms (ActiveRecord: 0.3ms)


  
ActiveRecord::RecordNotFound (Couldn't find TodoList with 'id'=1):
  
app/controllers/todo_lists_controller.rb:67:in `set_todo_list'
  Rendering /Users/kubaostrowski/.rvm/gems/ruby-2.4.1/gems/actionpack-5.0.2/lib/action_dispatch/middleware/templates/rescues/diagnostics.html.erb within rescues/layout
  Rendering /Users/kubaostrowski/.rvm/gems/ruby-2.4.1/gems/actionpack-5.0.2/lib/action_dispatch/middleware/templates/rescues/_source.html.erb
  Rendered /Users/kubaostrowski/.rvm/gems/ruby-2.4.1/gems/actionpack-5.0.2/lib/action_dispatch/middleware/templates/rescues/_source.html.erb (3.9ms)
  Rendering /Users/kubaostrowski/.rvm/gems/ruby-2.4.1/gems/actionpack-5.0.2/lib/action_dispatch/middleware/templates/rescues/_trace.html.erb
  Rendered /Users/kubaostrowski/.rvm/gems/ruby-2.4.1/gems/actionpack-5.0.2/lib/action_dispatch/middleware/templates/rescues/_trace.html.erb (3.4ms)
  Rendering /Users/kubaostrowski/.rvm/gems/ruby-2.4.1/gems/actionpack-5.0.2/lib/action_dispatch/middleware/templates/rescues/_request_and_response.html.erb
  Rendered /Users/kubaostrowski/.rvm/gems/ruby-2.4.1/gems/actionpack-5.0.2/lib/action_dispatch/middleware/templates/rescues/_request_and_response.html.erb (0.9ms)
  Rendered /Users/kubaostrowski/.rvm/gems/ruby-2.4.1/gems/actionpack-5.0.2/lib/action_dispatch/middleware/templates/rescues/diagnostics.html.erb within rescues/layout (71.6ms)
Started GET "/" for ::1 at 2017-06-16 23:51:31 +0200
Processing by TodoListsController#index as HTML
  Rendering todo_lists/index.html.erb within layouts/application
  [1m[36mTodoList Load (0.2ms)[0m  [1m[34mSELECT "todo_lists".* FROM "todo_lists"[0m
  Rendered todo_lists/index.html.erb within layouts/application (2.1ms)
Completed 200 OK in 297ms (Views: 286.9ms | ActiveRecord: 0.2ms)


Started GET "/todo_lists/new" for ::1 at 2017-06-16 23:51:33 +0200
Processing by TodoListsController#new as HTML
  Rendering todo_lists/new.html.erb within layouts/application
  Rendered todo_lists/_form.html.erb (27.9ms)
  Rendered todo_lists/new.html.erb within layouts/application (31.9ms)
Completed 200 OK in 63ms (Views: 53.7ms | ActiveRecord: 0.4ms)


Started POST "/todo_lists" for ::1 at 2017-06-16 23:51:36 +0200
Processing by TodoListsController#create as HTML
  Parameters: {"utf8"=>"✓", "authenticity_token"=>"4ZaCCNQRYOeSsAaRLbapdBjkY6br8uEtYnT4W5Meq1iE6k8pdu4AabizckcqM6wK3Nvc68caRq9D2QEZBirdPw==", "todo_list"=>{"title"=>"asdas", "description"=>"ads"}, "commit"=>"Create Todo list"}
  [1m[35m (0.1ms)[0m  [1m[36mbegin transaction[0m
  [1m[35mSQL (0.5ms)[0m  [1m[32mINSERT INTO "todo_lists" ("title", "description", "created_at", "updated_at") VALUES (?, ?, ?, ?)[0m  [["title", "asdas"], ["description", "ads"], ["created_at", 2017-06-16 21:51:36 UTC], ["updated_at", 2017-06-16 21:51:36 UTC]]
  [1m[35m (0.8ms)[0m  [1m[36mcommit transaction[0m
Redirected to http://localhost:3000/todo_lists/1
Completed 302 Found in 5ms (ActiveRecord: 1.3ms)


Started GET "/todo_lists/1" for ::1 at 2017-06-16 23:51:36 +0200
Processing by TodoListsController#show as HTML
  Parameters: {"id"=>"1"}
  [1m[36mTodoList Load (0.3ms)[0m  [1m[34mSELECT  "todo_lists".* FROM "todo_lists" WHERE "todo_lists"."id" = ? LIMIT ?[0m  [["id", 1], ["LIMIT", 1]]
  Rendering todo_lists/show.html.erb within layouts/application
  Rendered todo_lists/show.html.erb within layouts/application (18.6ms)
Completed 500 Internal Server Error in 28ms (ActiveRecord: 0.3ms)


  
ActionView::Template::Error (uninitialized constant ApplicationRecord::Base):
    11: </p>
    12: 
    13: <div id="todo_items_wrapper">
    14:   <%= render @todo_list.todo_items %>
    15:   <div id="form">
    16:     <%= render "todo_items/form" %>
    17:   </div>
  
app/models/todo_item.rb:1:in `<top (required)>'
app/views/todo_lists/show.html.erb:14:in `_app_views_todo_lists_show_html_erb___770819503022200714_70109290351760'
  Rendering /Users/kubaostrowski/.rvm/gems/ruby-2.4.1/gems/actionpack-5.0.2/lib/action_dispatch/middleware/templates/rescues/template_error.html.erb within rescues/layout
  Rendering /Users/kubaostrowski/.rvm/gems/ruby-2.4.1/gems/actionpack-5.0.2/lib/action_dispatch/middleware/templates/rescues/_source.html.erb
  Rendered /Users/kubaostrowski/.rvm/gems/ruby-2.4.1/gems/actionpack-5.0.2/lib/action_dispatch/middleware/templates/rescues/_source.html.erb (7.1ms)
  Rendering /Users/kubaostrowski/.rvm/gems/ruby-2.4.1/gems/actionpack-5.0.2/lib/action_dispatch/middleware/templates/rescues/_trace.html.erb
  Rendered /Users/kubaostrowski/.rvm/gems/ruby-2.4.1/gems/actionpack-5.0.2/lib/action_dispatch/middleware/templates/rescues/_trace.html.erb (2.3ms)
  Rendering /Users/kubaostrowski/.rvm/gems/ruby-2.4.1/gems/actionpack-5.0.2/lib/action_dispatch/middleware/templates/rescues/_request_and_response.html.erb
  Rendered /Users/kubaostrowski/.rvm/gems/ruby-2.4.1/gems/actionpack-5.0.2/lib/action_dispatch/middleware/templates/rescues/_request_and_response.html.erb (0.8ms)
  Rendered /Users/kubaostrowski/.rvm/gems/ruby-2.4.1/gems/actionpack-5.0.2/lib/action_dispatch/middleware/templates/rescues/template_error.html.erb within rescues/layout (70.6ms)
Started GET "/todo_lists/1" for ::1 at 2017-06-16 23:53:04 +0200
Processing by TodoListsController#show as HTML
  Parameters: {"id"=>"1"}
  [1m[36mTodoList Load (0.1ms)[0m  [1m[34mSELECT  "todo_lists".* FROM "todo_lists" WHERE "todo_lists"."id" = ? LIMIT ?[0m  [["id", 1], ["LIMIT", 1]]
  Rendering todo_lists/show.html.erb within layouts/application
  Rendered todo_lists/show.html.erb within layouts/application (7.6ms)
Completed 500 Internal Server Error in 24ms (ActiveRecord: 0.7ms)


  
ActionView::Template::Error (uninitialized constant ApplicationRecord::Base):
    11: </p>
    12: 
    13: <div id="todo_items_wrapper">
    14:   <%= render @todo_list.todo_items %>
    15:   <div id="form">
    16:     <%= render "todo_items/form" %>
    17:   </div>
  
app/models/todo_item.rb:1:in `<top (required)>'
app/views/todo_lists/show.html.erb:14:in `_app_views_todo_lists_show_html_erb___770819503022200714_70109283571560'
  Rendering /Users/kubaostrowski/.rvm/gems/ruby-2.4.1/gems/actionpack-5.0.2/lib/action_dispatch/middleware/templates/rescues/template_error.html.erb within rescues/layout
  Rendering /Users/kubaostrowski/.rvm/gems/ruby-2.4.1/gems/actionpack-5.0.2/lib/action_dispatch/middleware/templates/rescues/_source.html.erb
  Rendered /Users/kubaostrowski/.rvm/gems/ruby-2.4.1/gems/actionpack-5.0.2/lib/action_dispatch/middleware/templates/rescues/_source.html.erb (8.1ms)
  Rendering /Users/kubaostrowski/.rvm/gems/ruby-2.4.1/gems/actionpack-5.0.2/lib/action_dispatch/middleware/templates/rescues/_trace.html.erb
  Rendered /Users/kubaostrowski/.rvm/gems/ruby-2.4.1/gems/actionpack-5.0.2/lib/action_dispatch/middleware/templates/rescues/_trace.html.erb (2.1ms)
  Rendering /Users/kubaostrowski/.rvm/gems/ruby-2.4.1/gems/actionpack-5.0.2/lib/action_dispatch/middleware/templates/rescues/_request_and_response.html.erb
  Rendered /Users/kubaostrowski/.rvm/gems/ruby-2.4.1/gems/actionpack-5.0.2/lib/action_dispatch/middleware/templates/rescues/_request_and_response.html.erb (0.9ms)
  Rendered /Users/kubaostrowski/.rvm/gems/ruby-2.4.1/gems/actionpack-5.0.2/lib/action_dispatch/middleware/templates/rescues/template_error.html.erb within rescues/layout (77.7ms)
Started POST "/__web_console/repl_sessions/adb9839b2e90a0a0036659c2ed2237ac/trace" for ::1 at 2017-06-16 23:53:59 +0200
Started POST "/__web_console/repl_sessions/adb9839b2e90a0a0036659c2ed2237ac/trace" for ::1 at 2017-06-16 23:54:01 +0200
Started POST "/__web_console/repl_sessions/adb9839b2e90a0a0036659c2ed2237ac/trace" for ::1 at 2017-06-16 23:54:02 +0200
Started POST "/__web_console/repl_sessions/adb9839b2e90a0a0036659c2ed2237ac/trace" for ::1 at 2017-06-16 23:54:07 +0200
Started GET "/todo_lists/1" for ::1 at 2017-06-16 23:55:05 +0200
Processing by TodoListsController#show as HTML
  Parameters: {"id"=>"1"}
Completed 500 Internal Server Error in 5ms (ActiveRecord: 0.0ms)


  
NameError (uninitialized constant ApplicationRecord::Base):
  
app/models/todo_list.rb:1:in `<top (required)>'
app/controllers/todo_lists_controller.rb:67:in `set_todo_list'
  Rendering /Users/kubaostrowski/.rvm/gems/ruby-2.4.1/gems/actionpack-5.0.2/lib/action_dispatch/middleware/templates/rescues/diagnostics.html.erb within rescues/layout
  Rendering /Users/kubaostrowski/.rvm/gems/ruby-2.4.1/gems/actionpack-5.0.2/lib/action_dispatch/middleware/templates/rescues/_source.html.erb
  Rendered /Users/kubaostrowski/.rvm/gems/ruby-2.4.1/gems/actionpack-5.0.2/lib/action_dispatch/middleware/templates/rescues/_source.html.erb (4.4ms)
  Rendering /Users/kubaostrowski/.rvm/gems/ruby-2.4.1/gems/actionpack-5.0.2/lib/action_dispatch/middleware/templates/rescues/_trace.html.erb
  Rendered /Users/kubaostrowski/.rvm/gems/ruby-2.4.1/gems/actionpack-5.0.2/lib/action_dispatch/middleware/templates/rescues/_trace.html.erb (1.7ms)
  Rendering /Users/kubaostrowski/.rvm/gems/ruby-2.4.1/gems/actionpack-5.0.2/lib/action_dispatch/middleware/templates/rescues/_request_and_response.html.erb
  Rendered /Users/kubaostrowski/.rvm/gems/ruby-2.4.1/gems/actionpack-5.0.2/lib/action_dispatch/middleware/templates/rescues/_request_and_response.html.erb (1.4ms)
  Rendered /Users/kubaostrowski/.rvm/gems/ruby-2.4.1/gems/actionpack-5.0.2/lib/action_dispatch/middleware/templates/rescues/diagnostics.html.erb within rescues/layout (76.5ms)
Started POST "/__web_console/repl_sessions/1a791875d073a7923a377742c4b883d2/trace" for ::1 at 2017-06-16 23:55:22 +0200
Started POST "/__web_console/repl_sessions/1a791875d073a7923a377742c4b883d2/trace" for ::1 at 2017-06-16 23:55:22 +0200
Started POST "/__web_console/repl_sessions/1a791875d073a7923a377742c4b883d2/trace" for ::1 at 2017-06-16 23:56:23 +0200
Started POST "/__web_console/repl_sessions/1a791875d073a7923a377742c4b883d2/trace" for ::1 at 2017-06-16 23:56:28 +0200
Started GET "/todo_lists/1" for ::1 at 2017-06-16 23:57:30 +0200
Processing by TodoListsController#show as HTML
  Parameters: {"id"=>"1"}
  [1m[36mTodoList Load (0.1ms)[0m  [1m[34mSELECT  "todo_lists".* FROM "todo_lists" WHERE "todo_lists"."id" = ? LIMIT ?[0m  [["id", 1], ["LIMIT", 1]]
  Rendering todo_lists/show.html.erb within layouts/application
  [1m[36mTodoItem Load (0.6ms)[0m  [1m[34mSELECT "todo_items".* FROM "todo_items" WHERE "todo_items"."todo_list_id" = ?[0m  [["todo_list_id", 1]]
  Rendered collection of templates [0 times] (0.0ms)
  Rendered todo_items/_form.html.erb (13.7ms)
  Rendered todo_lists/show.html.erb within layouts/application (35.3ms)
Completed 200 OK in 84ms (Views: 70.1ms | ActiveRecord: 2.3ms)


Started GET "/todo_lists" for ::1 at 2017-06-16 23:57:32 +0200
Processing by TodoListsController#index as HTML
  Rendering todo_lists/index.html.erb within layouts/application
  [1m[36mTodoList Load (0.2ms)[0m  [1m[34mSELECT "todo_lists".* FROM "todo_lists"[0m
  Rendered todo_lists/index.html.erb within layouts/application (3.2ms)
Completed 200 OK in 44ms (Views: 40.9ms | ActiveRecord: 0.2ms)


Started GET "/todo_lists/1" for ::1 at 2017-06-16 23:57:35 +0200
Processing by TodoListsController#show as HTML
  Parameters: {"id"=>"1"}
  [1m[36mTodoList Load (0.1ms)[0m  [1m[34mSELECT  "todo_lists".* FROM "todo_lists" WHERE "todo_lists"."id" = ? LIMIT ?[0m  [["id", 1], ["LIMIT", 1]]
  Rendering todo_lists/show.html.erb within layouts/application
  [1m[36mTodoItem Load (0.1ms)[0m  [1m[34mSELECT "todo_items".* FROM "todo_items" WHERE "todo_items"."todo_list_id" = ?[0m  [["todo_list_id", 1]]
  Rendered collection of templates [0 times] (0.0ms)
  Rendered todo_items/_form.html.erb (4.6ms)
  Rendered todo_lists/show.html.erb within layouts/application (10.7ms)
Completed 200 OK in 60ms (Views: 57.2ms | ActiveRecord: 0.2ms)


Started POST "/todo_lists/1/todo_items" for ::1 at 2017-06-16 23:59:27 +0200
Processing by TodoItemsController#create as HTML
  Parameters: {"utf8"=>"✓", "authenticity_token"=>"V9LfPRZLHyLrMIuZtj3tPrgcvZ+iHjrIc683vqdF9et88Sdu5PbjZ8XG3lccfiBpEmSwMjx4hAab8Kh+4LTDJA==", "todo_item"=>{"content"=>"adsa"}, "commit"=>"Create Todo item", "todo_list_id"=>"1"}
  [1m[36mTodoList Load (0.1ms)[0m  [1m[34mSELECT  "todo_lists".* FROM "todo_lists" WHERE "todo_lists"."id" = ? LIMIT ?[0m  [["id", 1], ["LIMIT", 1]]
  [1m[35m (0.1ms)[0m  [1m[36mbegin transaction[0m
  [1m[35mSQL (0.7ms)[0m  [1m[32mINSERT INTO "todo_items" ("content", "todo_list_id", "created_at", "updated_at") VALUES (?, ?, ?, ?)[0m  [["content", "adsa"], ["todo_list_id", 1], ["created_at", 2017-06-16 21:59:27 UTC], ["updated_at", 2017-06-16 21:59:27 UTC]]
  [1m[35m (0.8ms)[0m  [1m[36mcommit transaction[0m
Redirected to http://localhost:3000/todo_lists/1
Completed 302 Found in 8ms (ActiveRecord: 1.7ms)


Started GET "/todo_lists/1" for ::1 at 2017-06-16 23:59:27 +0200
Processing by TodoListsController#show as HTML
  Parameters: {"id"=>"1"}
  [1m[36mTodoList Load (0.2ms)[0m  [1m[34mSELECT  "todo_lists".* FROM "todo_lists" WHERE "todo_lists"."id" = ? LIMIT ?[0m  [["id", 1], ["LIMIT", 1]]
  Rendering todo_lists/show.html.erb within layouts/application
  [1m[36mTodoItem Load (0.2ms)[0m  [1m[34mSELECT "todo_items".* FROM "todo_items" WHERE "todo_items"."todo_list_id" = ?[0m  [["todo_list_id", 1]]
  Rendered collection of todo_items/_todo_item.html.erb [1 times] (0.9ms)
  Rendered todo_items/_form.html.erb (2.8ms)
  Rendered todo_lists/show.html.erb within layouts/application (13.1ms)
Completed 200 OK in 50ms (Views: 46.0ms | ActiveRecord: 0.4ms)


Started POST "/todo_lists/1/todo_items" for ::1 at 2017-06-16 23:59:30 +0200
Processing by TodoItemsController#create as HTML
  Parameters: {"utf8"=>"✓", "authenticity_token"=>"fGUXsYFwx36wzGqok7ZgUlnTFM5G4so4j9aSjmq1jO3d5IPZLFLmxnVFAniR2LS/j6WzERvVSVc6dFYjsYJ29w==", "todo_item"=>{"content"=>"qwe1"}, "commit"=>"Create Todo item", "todo_list_id"=>"1"}
  [1m[36mTodoList Load (0.1ms)[0m  [1m[34mSELECT  "todo_lists".* FROM "todo_lists" WHERE "todo_lists"."id" = ? LIMIT ?[0m  [["id", 1], ["LIMIT", 1]]
  [1m[35m (0.1ms)[0m  [1m[36mbegin transaction[0m
  [1m[35mSQL (0.4ms)[0m  [1m[32mINSERT INTO "todo_items" ("content", "todo_list_id", "created_at", "updated_at") VALUES (?, ?, ?, ?)[0m  [["content", "qwe1"], ["todo_list_id", 1], ["created_at", 2017-06-16 21:59:30 UTC], ["updated_at", 2017-06-16 21:59:30 UTC]]
  [1m[35m (0.9ms)[0m  [1m[36mcommit transaction[0m
Redirected to http://localhost:3000/todo_lists/1
Completed 302 Found in 6ms (ActiveRecord: 1.4ms)


Started GET "/todo_lists/1" for ::1 at 2017-06-16 23:59:30 +0200
Processing by TodoListsController#show as HTML
  Parameters: {"id"=>"1"}
  [1m[36mTodoList Load (0.2ms)[0m  [1m[34mSELECT  "todo_lists".* FROM "todo_lists" WHERE "todo_lists"."id" = ? LIMIT ?[0m  [["id", 1], ["LIMIT", 1]]
  Rendering todo_lists/show.html.erb within layouts/application
  [1m[36mTodoItem Load (0.1ms)[0m  [1m[34mSELECT "todo_items".* FROM "todo_items" WHERE "todo_items"."todo_list_id" = ?[0m  [["todo_list_id", 1]]
  Rendered collection of todo_items/_todo_item.html.erb [2 times] (1.0ms)
  Rendered todo_items/_form.html.erb (1.7ms)
  Rendered todo_lists/show.html.erb within layouts/application (8.6ms)
Completed 200 OK in 32ms (Views: 28.8ms | ActiveRecord: 0.3ms)


